\BOOKMARK [1][-]{section.1}{Einleitung}{}% 1
\BOOKMARK [1][-]{section.2}{Theorie}{}% 2
\BOOKMARK [2][-]{subsection.2.1}{Wechselstrom}{section.2}% 3
\BOOKMARK [2][-]{subsection.2.2}{Ohm'scher Widerstand}{section.2}% 4
\BOOKMARK [2][-]{subsection.2.3}{Induktiver Widerstand}{section.2}% 5
\BOOKMARK [2][-]{subsection.2.4}{Kapazitiver Widerstand}{section.2}% 6
\BOOKMARK [2][-]{subsection.2.5}{Reihen- und Parallelschaltung von komplexen Widerst\344nden}{section.2}% 7
\BOOKMARK [2][-]{subsection.2.6}{Betr\344ge und Phasenverschiebungen}{section.2}% 8
\BOOKMARK [1][-]{section.3}{Durchf\374hrung}{}% 9
\BOOKMARK [2][-]{subsection.3.1}{Versuchsaufbau und ben\366tigte Materialien}{section.3}% 10
\BOOKMARK [2][-]{subsection.3.2}{Serienkreis ohne Kondensator}{section.3}% 11
\BOOKMARK [2][-]{subsection.3.3}{Serienkreis mit Kondensator}{section.3}% 12
\BOOKMARK [2][-]{subsection.3.4}{Parallelkreis}{section.3}% 13
\BOOKMARK [2][-]{subsection.3.5}{Ausmessung der Bauteile}{section.3}% 14
\BOOKMARK [1][-]{section.4}{Auswertung}{}% 15
\BOOKMARK [2][-]{subsection.4.1}{Bestimmung der Induktivit\344t und des Ohmschen Widerstands beim Serienkreis ohne Kondensator}{section.4}% 16
\BOOKMARK [2][-]{subsection.4.2}{Bestimmung der Resonanzfrequenz und des Ohmschen Widerstands beim Serienresonanzkreis}{section.4}% 17
\BOOKMARK [2][-]{subsection.4.3}{Bestimmung der Resonanzfrequenz aus der Phasenverschiebung}{section.4}% 18
\BOOKMARK [2][-]{subsection.4.4}{Bestimmung der Phasenverschiebung zwischen UL+R und UC aus dem Zeigerdiagramm}{section.4}% 19
\BOOKMARK [2][-]{subsection.4.5}{Auswertung des Parallelschwingkreises}{section.4}% 20
\BOOKMARK [2][-]{subsection.4.6}{Zusammenfassung}{section.4}% 21
\BOOKMARK [3][-]{subsubsection.4.6.1}{Ohmscher Widerstand der Spule RL}{subsection.4.6}% 22
\BOOKMARK [3][-]{subsubsection.4.6.2}{Resonanzfrequenz r}{subsection.4.6}% 23
\BOOKMARK [3][-]{subsubsection.4.6.3}{Induktivit\344t L}{subsection.4.6}% 24
\BOOKMARK [3][-]{subsubsection.4.6.4}{Kapazit\344t C}{subsection.4.6}% 25
\BOOKMARK [3][-]{subsubsection.4.6.5}{Phasenverschiebung zwischen UL+R und UC}{subsection.4.6}% 26
\BOOKMARK [1][-]{section.5}{Diskussion}{}% 27
\BOOKMARK [2][-]{subsection.5.1}{Fehlerintervalle und relative Fehler}{section.5}% 28
\BOOKMARK [2][-]{subsection.5.2}{Nichtlineare Fits}{section.5}% 29
\BOOKMARK [2][-]{subsection.5.3}{Bestimmung des Spulenwiderstands RL}{section.5}% 30
\BOOKMARK [2][-]{subsection.5.4}{Bestimmung der Kapazit\344t}{section.5}% 31
\BOOKMARK [2][-]{subsection.5.5}{Fazit}{section.5}% 32
\BOOKMARK [1][-]{section*.14}{Literatur}{}% 33
